<?xml version="1.0" encoding="UTF-8"?>
<!-- Generated by org.testng.reporters.JUnitReportReporter -->
<testsuite skipped="0" hostname="DESKTOP-PVPM1CL" name="com.pdfreader.MyPDFReader" tests="1" failures="0" timestamp="19 Jun 2019 19:03:18 GMT" time="0.773" errors="0">
  <testcase name="PDFReaderTest" time="0.773" classname="com.pdfreader.MyPDFReader"/>
</testsuite> <!-- com.pdfreader.MyPDFReader -->
